<?xml version="1.0" encoding="UTF-8"?>
<testng-results ignored="0" total="1" passed="1" failed="0" skipped="0">
  <reporter-output>
  </reporter-output>
  <suite started-at="2024-08-02T15:34:16 GMT-04:00" name="Suite" finished-at="2024-08-02T15:34:48 GMT-04:00" duration-ms="32380">
    <groups>
      <group name="Master">
        <method signature="TC001TestAccountRegistrationPage.tc001registraion()[pri:0, instance:testCases.TC001TestAccountRegistrationPage@8dbdac1]" name="tc001registraion" class="testCases.TC001TestAccountRegistrationPage"/>
      </group> <!-- Master -->
      <group name="Sanity">
        <method signature="TC001TestAccountRegistrationPage.tc001registraion()[pri:0, instance:testCases.TC001TestAccountRegistrationPage@8dbdac1]" name="tc001registraion" class="testCases.TC001TestAccountRegistrationPage"/>
      </group> <!-- Sanity -->
    </groups>
    <test started-at="2024-08-02T15:34:16 GMT-04:00" name="Test" finished-at="2024-08-02T15:34:48 GMT-04:00" duration-ms="32380">
      <class name="testCases.TC001TestAccountRegistrationPage">
        <test-method is-config="true" signature="setup(java.lang.String,java.lang.String)[pri:0, instance:testCases.TC001TestAccountRegistrationPage@8dbdac1]" started-at="2024-08-02T15:34:17 GMT-04:00" name="setup" finished-at="2024-08-02T15:34:39 GMT-04:00" duration-ms="22338" status="PASS">
          <params>
            <param index="0">
              <value>
                <![CDATA[windows]]>
              </value>
            </param>
            <param index="1">
              <value>
                <![CDATA[chrome]]>
              </value>
            </param>
          </params>
          <reporter-output>
          </reporter-output>
        </test-method> <!-- setup -->
        <test-method signature="tc001registraion()[pri:0, instance:testCases.TC001TestAccountRegistrationPage@8dbdac1]" started-at="2024-08-02T15:34:39 GMT-04:00" name="tc001registraion" finished-at="2024-08-02T15:34:47 GMT-04:00" duration-ms="7957" status="PASS">
          <reporter-output>
          </reporter-output>
        </test-method> <!-- tc001registraion -->
        <test-method is-config="true" signature="teardown()[pri:0, instance:testCases.TC001TestAccountRegistrationPage@8dbdac1]" started-at="2024-08-02T15:34:47 GMT-04:00" name="teardown" finished-at="2024-08-02T15:34:48 GMT-04:00" duration-ms="1159" status="PASS">
          <reporter-output>
          </reporter-output>
        </test-method> <!-- teardown -->
      </class> <!-- testCases.TC001TestAccountRegistrationPage -->
    </test> <!-- Test -->
  </suite> <!-- Suite -->
</testng-results>
