<?xml version="1.0" encoding="UTF-8"?>
<testng-results ignored="0" total="1" passed="1" failed="0" skipped="0">
  <reporter-output>
  </reporter-output>
  <suite started-at="2024-08-02T12:57:12 GMT-04:00" name="Suite" finished-at="2024-08-02T12:57:38 GMT-04:00" duration-ms="26050">
    <groups>
      <group name="Master">
        <method signature="TC002LoginTest.verifyLogin()[pri:0, instance:testCases.TC002LoginTest@1a6d8329]" name="verifyLogin" class="testCases.TC002LoginTest"/>
      </group> <!-- Master -->
      <group name="Regression">
        <method signature="TC002LoginTest.verifyLogin()[pri:0, instance:testCases.TC002LoginTest@1a6d8329]" name="verifyLogin" class="testCases.TC002LoginTest"/>
      </group> <!-- Regression -->
    </groups>
    <test started-at="2024-08-02T12:57:12 GMT-04:00" name="Test" finished-at="2024-08-02T12:57:38 GMT-04:00" duration-ms="26050">
      <class name="testCases.TC002LoginTest">
        <test-method is-config="true" signature="setup(java.lang.String,java.lang.String)[pri:0, instance:testCases.TC002LoginTest@1a6d8329]" started-at="2024-08-02T12:57:13 GMT-04:00" name="setup" finished-at="2024-08-02T12:57:33 GMT-04:00" duration-ms="19959" status="PASS">
          <params>
            <param index="0">
              <value>
                <![CDATA[windows]]>
              </value>
            </param>
            <param index="1">
              <value>
                <![CDATA[chrome]]>
              </value>
            </param>
          </params>
          <reporter-output>
          </reporter-output>
        </test-method> <!-- setup -->
        <test-method signature="verifyLogin()[pri:0, instance:testCases.TC002LoginTest@1a6d8329]" started-at="2024-08-02T12:57:33 GMT-04:00" name="verifyLogin" finished-at="2024-08-02T12:57:38 GMT-04:00" duration-ms="4868" status="PASS">
          <reporter-output>
          </reporter-output>
        </test-method> <!-- verifyLogin -->
        <test-method is-config="true" signature="teardown()[pri:0, instance:testCases.TC002LoginTest@1a6d8329]" started-at="2024-08-02T12:57:38 GMT-04:00" name="teardown" finished-at="2024-08-02T12:57:38 GMT-04:00" duration-ms="329" status="PASS">
          <reporter-output>
          </reporter-output>
        </test-method> <!-- teardown -->
      </class> <!-- testCases.TC002LoginTest -->
    </test> <!-- Test -->
  </suite> <!-- Suite -->
</testng-results>
